Started GET "/" for 172.19.0.1 at 2026-06-14 16:02:42 +0000
  [1m[36mActiveRecord::SchemaMigration Load (4.7ms)[0m  [1m[34mSELECT "schema_migrations"."version" FROM "schema_migrations" ORDER BY "schema_migrations"."version" ASC /*application='TranscendenceBackend'*/[0m
  
ActiveRecord::PendingMigrationError (

Migrations are pending. To resolve this issue, run:

        bin/rails db:migrate

You have 8 pending migrations:

db/migrate/20260511103922_create_games.rb
db/migrate/20260515133334_create_users.rb
db/migrate/20260515162134_add_user_to_games.rb
db/migrate/20260515170217_add_otp_secret_to_users.rb
db/migrate/20260522064354_create_friendships.rb
db/migrate/20260523233115_add_stats_to_users.rb
db/migrate/20260523235602_setup_arena_for_games.rb
db/migrate/20260524014405_remove_user_id_from_games.rb


):
  
activerecord (8.1.3) lib/active_record/migration.rb:743:in 'ActiveRecord::Migration.check_pending_migrations'
activerecord (8.1.3) lib/active_record/migration.rb:660:in 'block (2 levels) in ActiveRecord::Migration::CheckPending#call'
activesupport (8.1.3) lib/active_support/file_update_checker.rb:88:in 'ActiveSupport::FileUpdateChecker#execute'
activerecord (8.1.3) lib/active_record/migration.rb:665:in 'block in ActiveRecord::Migration::CheckPending#call'
activerecord (8.1.3) lib/active_record/migration.rb:657:in 'Thread::Mutex#synchronize'
activerecord (8.1.3) lib/active_record/migration.rb:657:in 'ActiveRecord::Migration::CheckPending#call'
actionpack (8.1.3) lib/action_dispatch/middleware/callbacks.rb:31:in 'block in ActionDispatch::Callbacks#call'
activesupport (8.1.3) lib/active_support/callbacks.rb:101:in 'ActiveSupport::Callbacks#run_callbacks'
actionpack (8.1.3) lib/action_dispatch/middleware/callbacks.rb:30:in 'ActionDispatch::Callbacks#call'
actionpack (8.1.3) lib/action_dispatch/middleware/executor.rb:20:in 'ActionDispatch::Executor#call'
actionpack (8.1.3) lib/action_dispatch/middleware/actionable_exceptions.rb:18:in 'ActionDispatch::ActionableExceptions#call'
actionpack (8.1.3) lib/action_dispatch/middleware/debug_exceptions.rb:31:in 'ActionDispatch::DebugExceptions#call'
actionpack (8.1.3) lib/action_dispatch/middleware/show_exceptions.rb:32:in 'ActionDispatch::ShowExceptions#call'
railties (8.1.3) lib/rails/rack/logger.rb:41:in 'Rails::Rack::Logger#call_app'
railties (8.1.3) lib/rails/rack/logger.rb:29:in 'Rails::Rack::Logger#call'
actionpack (8.1.3) lib/action_dispatch/middleware/remote_ip.rb:98:in 'ActionDispatch::RemoteIp#call'
actionpack (8.1.3) lib/action_dispatch/middleware/request_id.rb:34:in 'ActionDispatch::RequestId#call'
rack (3.2.6) lib/rack/runtime.rb:24:in 'Rack::Runtime#call'
activesupport (8.1.3) lib/active_support/cache/strategy/local_cache_middleware.rb:30:in 'ActiveSupport::Cache::Strategy::LocalCache::Middleware#call'
actionpack (8.1.3) lib/action_dispatch/middleware/server_timing.rb:61:in 'block in ActionDispatch::ServerTiming#call'
actionpack (8.1.3) lib/action_dispatch/middleware/server_timing.rb:26:in 'ActionDispatch::ServerTiming::Subscriber#collect_events'
actionpack (8.1.3) lib/action_dispatch/middleware/server_timing.rb:60:in 'ActionDispatch::ServerTiming#call'
actionpack (8.1.3) lib/action_dispatch/middleware/executor.rb:20:in 'ActionDispatch::Executor#call'
actionpack (8.1.3) lib/action_dispatch/middleware/static.rb:27:in 'ActionDispatch::Static#call'
rack (3.2.6) lib/rack/sendfile.rb:131:in 'Rack::Sendfile#call'
actionpack (8.1.3) lib/action_dispatch/middleware/host_authorization.rb:143:in 'ActionDispatch::HostAuthorization#call'
rack-cors (3.0.0) lib/rack/cors.rb:102:in 'Rack::Cors#call'
railties (8.1.3) lib/rails/engine.rb:534:in 'Rails::Engine#call'
puma (8.0.1) lib/puma/configuration.rb:305:in 'Puma::Configuration::ConfigMiddleware#call'
puma (8.0.1) lib/puma/response.rb:79:in 'block in Puma::Response#handle_request'
puma (8.0.1) lib/puma/thread_pool.rb:434:in 'Puma::ThreadPool#with_force_shutdown'
puma (8.0.1) lib/puma/response.rb:78:in 'Puma::Response#handle_request'
puma (8.0.1) lib/puma/server.rb:508:in 'Puma::Server#process_client'
puma (8.0.1) lib/puma/server.rb:263:in 'block in Puma::Server#run'
puma (8.0.1) lib/puma/thread_pool.rb:246:in 'block in Puma::ThreadPool#spawn_thread'
Started GET "/favicon.ico" for 172.19.0.1 at 2026-06-14 16:02:43 +0000
  [1m[36mActiveRecord::SchemaMigration Load (2.4ms)[0m  [1m[34mSELECT "schema_migrations"."version" FROM "schema_migrations" ORDER BY "schema_migrations"."version" ASC /*application='TranscendenceBackend'*/[0m
  
ActiveRecord::PendingMigrationError (

Migrations are pending. To resolve this issue, run:

        bin/rails db:migrate

You have 8 pending migrations:

db/migrate/20260511103922_create_games.rb
db/migrate/20260515133334_create_users.rb
db/migrate/20260515162134_add_user_to_games.rb
db/migrate/20260515170217_add_otp_secret_to_users.rb
db/migrate/20260522064354_create_friendships.rb
db/migrate/20260523233115_add_stats_to_users.rb
db/migrate/20260523235602_setup_arena_for_games.rb
db/migrate/20260524014405_remove_user_id_from_games.rb


):
  
activerecord (8.1.3) lib/active_record/migration.rb:743:in 'ActiveRecord::Migration.check_pending_migrations'
activerecord (8.1.3) lib/active_record/migration.rb:660:in 'block (2 levels) in ActiveRecord::Migration::CheckPending#call'
activesupport (8.1.3) lib/active_support/file_update_checker.rb:88:in 'ActiveSupport::FileUpdateChecker#execute'
activerecord (8.1.3) lib/active_record/migration.rb:665:in 'block in ActiveRecord::Migration::CheckPending#call'
activerecord (8.1.3) lib/active_record/migration.rb:657:in 'Thread::Mutex#synchronize'
activerecord (8.1.3) lib/active_record/migration.rb:657:in 'ActiveRecord::Migration::CheckPending#call'
actionpack (8.1.3) lib/action_dispatch/middleware/callbacks.rb:31:in 'block in ActionDispatch::Callbacks#call'
activesupport (8.1.3) lib/active_support/callbacks.rb:101:in 'ActiveSupport::Callbacks#run_callbacks'
actionpack (8.1.3) lib/action_dispatch/middleware/callbacks.rb:30:in 'ActionDispatch::Callbacks#call'
actionpack (8.1.3) lib/action_dispatch/middleware/executor.rb:20:in 'ActionDispatch::Executor#call'
actionpack (8.1.3) lib/action_dispatch/middleware/actionable_exceptions.rb:18:in 'ActionDispatch::ActionableExceptions#call'
actionpack (8.1.3) lib/action_dispatch/middleware/debug_exceptions.rb:31:in 'ActionDispatch::DebugExceptions#call'
actionpack (8.1.3) lib/action_dispatch/middleware/show_exceptions.rb:32:in 'ActionDispatch::ShowExceptions#call'
railties (8.1.3) lib/rails/rack/logger.rb:41:in 'Rails::Rack::Logger#call_app'
railties (8.1.3) lib/rails/rack/logger.rb:29:in 'Rails::Rack::Logger#call'
actionpack (8.1.3) lib/action_dispatch/middleware/remote_ip.rb:98:in 'ActionDispatch::RemoteIp#call'
actionpack (8.1.3) lib/action_dispatch/middleware/request_id.rb:34:in 'ActionDispatch::RequestId#call'
rack (3.2.6) lib/rack/runtime.rb:24:in 'Rack::Runtime#call'
activesupport (8.1.3) lib/active_support/cache/strategy/local_cache_middleware.rb:30:in 'ActiveSupport::Cache::Strategy::LocalCache::Middleware#call'
actionpack (8.1.3) lib/action_dispatch/middleware/server_timing.rb:61:in 'block in ActionDispatch::ServerTiming#call'
actionpack (8.1.3) lib/action_dispatch/middleware/server_timing.rb:26:in 'ActionDispatch::ServerTiming::Subscriber#collect_events'
actionpack (8.1.3) lib/action_dispatch/middleware/server_timing.rb:60:in 'ActionDispatch::ServerTiming#call'
actionpack (8.1.3) lib/action_dispatch/middleware/executor.rb:20:in 'ActionDispatch::Executor#call'
actionpack (8.1.3) lib/action_dispatch/middleware/static.rb:27:in 'ActionDispatch::Static#call'
rack (3.2.6) lib/rack/sendfile.rb:131:in 'Rack::Sendfile#call'
actionpack (8.1.3) lib/action_dispatch/middleware/host_authorization.rb:143:in 'ActionDispatch::HostAuthorization#call'
rack-cors (3.0.0) lib/rack/cors.rb:102:in 'Rack::Cors#call'
railties (8.1.3) lib/rails/engine.rb:534:in 'Rails::Engine#call'
puma (8.0.1) lib/puma/configuration.rb:305:in 'Puma::Configuration::ConfigMiddleware#call'
puma (8.0.1) lib/puma/response.rb:79:in 'block in Puma::Response#handle_request'
puma (8.0.1) lib/puma/thread_pool.rb:434:in 'Puma::ThreadPool#with_force_shutdown'
puma (8.0.1) lib/puma/response.rb:78:in 'Puma::Response#handle_request'
puma (8.0.1) lib/puma/server.rb:508:in 'Puma::Server#process_client'
puma (8.0.1) lib/puma/server.rb:263:in 'block in Puma::Server#run'
puma (8.0.1) lib/puma/thread_pool.rb:246:in 'block in Puma::ThreadPool#spawn_thread'
Started POST "/rails/actions" for 172.19.0.1 at 2026-06-14 16:04:52 +0000
  [1m[35m (0.6ms)[0m  [1m[34mSELECT pg_try_advisory_lock(2763601007065957275) /*application='TranscendenceBackend'*/[0m
  [1m[36mActiveRecord::SchemaMigration Load (3.7ms)[0m  [1m[34mSELECT "schema_migrations"."version" FROM "schema_migrations" ORDER BY "schema_migrations"."version" ASC /*application='TranscendenceBackend'*/[0m
  [1m[36mActiveRecord::InternalMetadata Load (4.7ms)[0m  [1m[34mSELECT * FROM "ar_internal_metadata" WHERE "ar_internal_metadata"."key" = 'environment' ORDER BY "ar_internal_metadata"."key" ASC LIMIT 1 /*application='TranscendenceBackend'*/[0m
  [1m[36mActiveRecord::InternalMetadata Create (2.7ms)[0m  [1m[32mINSERT INTO "ar_internal_metadata" ("key", "value", "created_at", "updated_at") VALUES ('environment', 'development', '2026-06-14 16:04:52.141142', '2026-06-14 16:04:52.141149') RETURNING "key" /*application='TranscendenceBackend'*/[0m
Migrating to CreateGames (20260511103922)
  [1m[36mTRANSACTION (0.4ms)[0m  [1m[35mBEGIN /*application='TranscendenceBackend'*/[0m
  [1m[35m (23.3ms)[0m  [1m[35mCREATE TABLE "games" ("id" bigserial primary key, "initial_board" character varying, "current_board" character varying, "status" character varying, "created_at" timestamp(6) NOT NULL, "updated_at" timestamp(6) NOT NULL) /*application='TranscendenceBackend'*/[0m
  [1m[36mActiveRecord::SchemaMigration Create (1.1ms)[0m  [1m[32mINSERT INTO "schema_migrations" ("version") VALUES ('20260511103922') RETURNING "version" /*application='TranscendenceBackend'*/[0m
  [1m[36mTRANSACTION (1.4ms)[0m  [1m[35mCOMMIT /*application='TranscendenceBackend'*/[0m
Migrating to CreateUsers (20260515133334)
  [1m[36mTRANSACTION (0.6ms)[0m  [1m[35mBEGIN /*application='TranscendenceBackend'*/[0m
  [1m[35m (13.4ms)[0m  [1m[35mCREATE TABLE "users" ("id" bigserial primary key, "username" character varying, "email" character varying, "password_digest" character varying, "created_at" timestamp(6) NOT NULL, "updated_at" timestamp(6) NOT NULL) /*application='TranscendenceBackend'*/[0m
  [1m[36mActiveRecord::SchemaMigration Create (1.0ms)[0m  [1m[32mINSERT INTO "schema_migrations" ("version") VALUES ('20260515133334') RETURNING "version" /*application='TranscendenceBackend'*/[0m
  [1m[36mTRANSACTION (1.6ms)[0m  [1m[35mCOMMIT /*application='TranscendenceBackend'*/[0m
Migrating to AddUserToGames (20260515162134)
  [1m[36mTRANSACTION (0.7ms)[0m  [1m[35mBEGIN /*application='TranscendenceBackend'*/[0m
  [1m[35m (4.0ms)[0m  [1m[35mALTER TABLE "games" ADD "user_id" bigint NOT NULL /*application='TranscendenceBackend'*/[0m
  [1m[35m (2.6ms)[0m  [1m[35mCREATE INDEX "index_games_on_user_id" ON "games" ("user_id") /*application='TranscendenceBackend'*/[0m
  [1m[35m (6.6ms)[0m  [1m[35mALTER TABLE "games" ADD CONSTRAINT "fk_rails_de9e6ea7f7"
FOREIGN KEY ("user_id")
  REFERENCES "users" ("id")
 /*application='TranscendenceBackend'*/[0m
  [1m[36mActiveRecord::SchemaMigration Create (0.7ms)[0m  [1m[32mINSERT INTO "schema_migrations" ("version") VALUES ('20260515162134') RETURNING "version" /*application='TranscendenceBackend'*/[0m
  [1m[36mTRANSACTION (0.9ms)[0m  [1m[35mCOMMIT /*application='TranscendenceBackend'*/[0m
Migrating to AddOtpSecretToUsers (20260515170217)
  [1m[36mTRANSACTION (0.4ms)[0m  [1m[35mBEGIN /*application='TranscendenceBackend'*/[0m
  [1m[35m (9.5ms)[0m  [1m[35mALTER TABLE "users" ADD "otp_secret" character varying /*application='TranscendenceBackend'*/[0m
  [1m[36mActiveRecord::SchemaMigration Create (1.0ms)[0m  [1m[32mINSERT INTO "schema_migrations" ("version") VALUES ('20260515170217') RETURNING "version" /*application='TranscendenceBackend'*/[0m
  [1m[36mTRANSACTION (1.0ms)[0m  [1m[35mCOMMIT /*application='TranscendenceBackend'*/[0m
Migrating to CreateFriendships (20260522064354)
  [1m[36mTRANSACTION (0.6ms)[0m  [1m[35mBEGIN /*application='TranscendenceBackend'*/[0m
  [1m[35m (9.7ms)[0m  [1m[35mCREATE TABLE "friendships" ("id" bigserial primary key, "user_id" bigint NOT NULL, "friend_id" bigint NOT NULL, "status" character varying DEFAULT 'pending', "created_at" timestamp(6) NOT NULL, "updated_at" timestamp(6) NOT NULL, CONSTRAINT "fk_rails_e3733b59b7"
FOREIGN KEY ("user_id")
  REFERENCES "users" ("id")
, CONSTRAINT "fk_rails_d78dc9c7fd"
FOREIGN KEY ("friend_id")
  REFERENCES "users" ("id")
) /*application='TranscendenceBackend'*/[0m
  [1m[35m (2.7ms)[0m  [1m[35mCREATE INDEX "index_friendships_on_user_id" ON "friendships" ("user_id") /*application='TranscendenceBackend'*/[0m
  [1m[35m (3.7ms)[0m  [1m[35mCREATE INDEX "index_friendships_on_friend_id" ON "friendships" ("friend_id") /*application='TranscendenceBackend'*/[0m
  [1m[35m (2.4ms)[0m  [1m[35mCREATE UNIQUE INDEX "index_friendships_on_user_id_and_friend_id" ON "friendships" ("user_id", "friend_id") /*application='TranscendenceBackend'*/[0m
  [1m[36mActiveRecord::SchemaMigration Create (0.7ms)[0m  [1m[32mINSERT INTO "schema_migrations" ("version") VALUES ('20260522064354') RETURNING "version" /*application='TranscendenceBackend'*/[0m
  [1m[36mTRANSACTION (1.0ms)[0m  [1m[35mCOMMIT /*application='TranscendenceBackend'*/[0m
Migrating to AddStatsToUsers (20260523233115)
  [1m[36mTRANSACTION (0.5ms)[0m  [1m[35mBEGIN /*application='TranscendenceBackend'*/[0m
  [1m[35m (3.0ms)[0m  [1m[35mALTER TABLE "users" ADD "wins" integer DEFAULT 0 /*application='TranscendenceBackend'*/[0m
  [1m[35m (1.2ms)[0m  [1m[35mALTER TABLE "users" ADD "losses" integer DEFAULT 0 /*application='TranscendenceBackend'*/[0m
  [1m[35m (1.7ms)[0m  [1m[35mALTER TABLE "users" ADD "elo" integer DEFAULT 1000 /*application='TranscendenceBackend'*/[0m
  [1m[36mActiveRecord::SchemaMigration Create (0.5ms)[0m  [1m[32mINSERT INTO "schema_migrations" ("version") VALUES ('20260523233115') RETURNING "version" /*application='TranscendenceBackend'*/[0m
  [1m[36mTRANSACTION (0.8ms)[0m  [1m[35mCOMMIT /*application='TranscendenceBackend'*/[0m
Migrating to SetupArenaForGames (20260523235602)
  [1m[36mTRANSACTION (0.3ms)[0m  [1m[35mBEGIN /*application='TranscendenceBackend'*/[0m
  [1m[35m (3.1ms)[0m  [1m[35mALTER TABLE "games" ADD "player1_id" integer /*application='TranscendenceBackend'*/[0m
  [1m[35m (1.1ms)[0m  [1m[35mALTER TABLE "games" ADD "player2_id" integer /*application='TranscendenceBackend'*/[0m
  [1m[35m (1.6ms)[0m  [1m[35mALTER TABLE "games" ADD "p1_score" integer DEFAULT 0 /*application='TranscendenceBackend'*/[0m
  [1m[35m (1.4ms)[0m  [1m[35mALTER TABLE "games" ADD "p2_score" integer DEFAULT 0 /*application='TranscendenceBackend'*/[0m
  [1m[35m (4.8ms)[0m  [1m[35mALTER TABLE "games" ADD CONSTRAINT "fk_rails_c341d2ac1e"
FOREIGN KEY ("player1_id")
  REFERENCES "users" ("id")
 /*application='TranscendenceBackend'*/[0m
  [1m[35m (2.5ms)[0m  [1m[35mALTER TABLE "games" ADD CONSTRAINT "fk_rails_2175de0ab8"
FOREIGN KEY ("player2_id")
  REFERENCES "users" ("id")
 /*application='TranscendenceBackend'*/[0m
  [1m[36mActiveRecord::SchemaMigration Create (0.6ms)[0m  [1m[32mINSERT INTO "schema_migrations" ("version") VALUES ('20260523235602') RETURNING "version" /*application='TranscendenceBackend'*/[0m
  [1m[36mTRANSACTION (0.9ms)[0m  [1m[35mCOMMIT /*application='TranscendenceBackend'*/[0m
Migrating to RemoveUserIdFromGames (20260524014405)
  [1m[36mTRANSACTION (0.6ms)[0m  [1m[35mBEGIN /*application='TranscendenceBackend'*/[0m
  [1m[35m (7.7ms)[0m  [1m[35mALTER TABLE "games" DROP COLUMN "user_id" /*application='TranscendenceBackend'*/[0m
  [1m[36mActiveRecord::SchemaMigration Create (0.7ms)[0m  [1m[32mINSERT INTO "schema_migrations" ("version") VALUES ('20260524014405') RETURNING "version" /*application='TranscendenceBackend'*/[0m
  [1m[36mTRANSACTION (2.6ms)[0m  [1m[35mCOMMIT /*application='TranscendenceBackend'*/[0m
  [1m[35m (0.7ms)[0m  [1m[34mSELECT pg_advisory_unlock(2763601007065957275) /*application='TranscendenceBackend'*/[0m
  [1m[36mActiveRecord::SchemaMigration Load (1.0ms)[0m  [1m[34mSELECT "schema_migrations"."version" FROM "schema_migrations" ORDER BY "schema_migrations"."version" ASC /*application='TranscendenceBackend'*/[0m
  [1m[35mSQL (0.5ms)[0m  [1m[35mSET search_path TO public /*application='TranscendenceBackend'*/[0m
  [1m[35mSQL (0.4ms)[0m  [1m[35mSET search_path TO "$user", public /*application='TranscendenceBackend'*/[0m
  [1m[35mSQL (0.4ms)[0m  [1m[35mSET search_path TO public /*application='TranscendenceBackend'*/[0m
  [1m[35mSQL (0.2ms)[0m  [1m[35mSET search_path TO "$user", public /*application='TranscendenceBackend'*/[0m
Started GET "/" for 172.19.0.1 at 2026-06-14 16:04:52 +0000
  [1m[36mActiveRecord::SchemaMigration Load (1.8ms)[0m  [1m[34mSELECT "schema_migrations"."version" FROM "schema_migrations" ORDER BY "schema_migrations"."version" ASC /*application='TranscendenceBackend'*/[0m
Processing by Rails::WelcomeController#index as HTML
  Rendering /usr/local/bundle/gems/railties-8.1.3/lib/rails/templates/rails/welcome/index.html.erb
  Rendered /usr/local/bundle/gems/railties-8.1.3/lib/rails/templates/rails/welcome/index.html.erb (Duration: 0.9ms | GC: 0.0ms)
Completed 200 OK in 8ms (Views: 2.4ms | ActiveRecord: 0.0ms (0 queries, 0 cached) | GC: 0.0ms)


Started GET "/icon.png" for 172.19.0.1 at 2026-06-14 16:04:52 +0000
  
ActionController::RoutingError (No route matches [GET] "/icon.png"):
  
<<<<<<< HEAD
Started GET "/" for 172.19.0.1 at 2026-06-16 17:50:49 +0000
  
ActiveRecord::DatabaseConnectionError (There is an issue connecting to your database with your username/password, username: postgres.

Please check your database configuration to ensure the username/password are valid.
)
Caused by: PG::ConnectionBad (connection to server at "172.19.0.2", port 5432 failed: FATAL:  password authentication failed for user "postgres"
)

Information for: ActiveRecord::DatabaseConnectionError (There is an issue connecting to your database with your username/password, username: postgres.

Please check your database configuration to ensure the username/password are valid.
):
  
activerecord (8.1.3) lib/active_record/connection_adapters/postgresql_adapter.rb:65:in 'ActiveRecord::ConnectionAdapters::PostgreSQLAdapter.new_client'
activerecord (8.1.3) lib/active_record/connection_adapters/postgresql_adapter.rb:960:in 'ActiveRecord::ConnectionAdapters::PostgreSQLAdapter#connect'
activerecord (8.1.3) lib/active_record/connection_adapters/postgresql_adapter.rb:972:in 'ActiveRecord::ConnectionAdapters::PostgreSQLAdapter#reconnect'
activerecord (8.1.3) lib/active_record/connection_adapters/abstract_adapter.rb:719:in 'block (2 levels) in ActiveRecord::ConnectionAdapters::AbstractAdapter#reconnect!'
activerecord (8.1.3) lib/active_record/connection_adapters/abstract_adapter.rb:1290:in 'ActiveRecord::ConnectionAdapters::AbstractAdapter#attempt_configure_connection'
activerecord (8.1.3) lib/active_record/connection_adapters/abstract_adapter.rb:716:in 'block in ActiveRecord::ConnectionAdapters::AbstractAdapter#reconnect!'
activesupport (8.1.3) lib/active_support/concurrency/null_lock.rb:9:in 'ActiveSupport::Concurrency::NullLock#synchronize'
activerecord (8.1.3) lib/active_record/connection_adapters/abstract_adapter.rb:715:in 'ActiveRecord::ConnectionAdapters::AbstractAdapter#reconnect!'
activerecord (8.1.3) lib/active_record/connection_adapters/abstract_adapter.rb:830:in 'block in ActiveRecord::ConnectionAdapters::AbstractAdapter#verify!'
activesupport (8.1.3) lib/active_support/concurrency/null_lock.rb:9:in 'ActiveSupport::Concurrency::NullLock#synchronize'
activerecord (8.1.3) lib/active_record/connection_adapters/abstract_adapter.rb:817:in 'ActiveRecord::ConnectionAdapters::AbstractAdapter#verify!'
activerecord (8.1.3) lib/active_record/connection_adapters/abstract_adapter.rb:839:in 'ActiveRecord::ConnectionAdapters::AbstractAdapter#connect!'
activerecord (8.1.3) lib/active_record/connection_adapters/abstract_adapter.rb:1056:in 'block in ActiveRecord::ConnectionAdapters::AbstractAdapter#with_raw_connection'
activesupport (8.1.3) lib/active_support/concurrency/null_lock.rb:9:in 'ActiveSupport::Concurrency::NullLock#synchronize'
activerecord (8.1.3) lib/active_record/connection_adapters/abstract_adapter.rb:1055:in 'ActiveRecord::ConnectionAdapters::AbstractAdapter#with_raw_connection'
activerecord (8.1.3) lib/active_record/connection_adapters/postgresql/quoting.rb:128:in 'ActiveRecord::ConnectionAdapters::PostgreSQL::Quoting#quote_string'
activerecord (8.1.3) lib/active_record/connection_adapters/abstract/quoting.rb:75:in 'ActiveRecord::ConnectionAdapters::Quoting#quote'
activerecord (8.1.3) lib/active_record/connection_adapters/postgresql/quoting.rb:122:in 'ActiveRecord::ConnectionAdapters::PostgreSQL::Quoting#quote'
activerecord (8.1.3) lib/active_record/connection_adapters/postgresql/schema_statements.rb:1180:in 'ActiveRecord::ConnectionAdapters::PostgreSQL::SchemaStatements#quoted_scope'
activerecord (8.1.3) lib/active_record/connection_adapters/postgresql/schema_statements.rb:1157:in 'ActiveRecord::ConnectionAdapters::PostgreSQL::SchemaStatements#data_source_sql'
activerecord (8.1.3) lib/active_record/connection_adapters/abstract/schema_statements.rb:61:in 'ActiveRecord::ConnectionAdapters::SchemaStatements#table_exists?'
activerecord (8.1.3) lib/active_record/schema_migration.rb:55:in 'block in ActiveRecord::SchemaMigration#create_table'
activerecord (8.1.3) lib/active_record/connection_adapters/abstract/connection_pool.rb:463:in 'ActiveRecord::ConnectionAdapters::ConnectionPool#with_connection'
activerecord (8.1.3) lib/active_record/schema_migration.rb:54:in 'ActiveRecord::SchemaMigration#create_table'
activerecord (8.1.3) lib/active_record/migration.rb:1440:in 'ActiveRecord::Migrator#initialize'
activerecord (8.1.3) lib/active_record/migration.rb:1288:in 'ActiveRecord::MigrationContext#open'
activerecord (8.1.3) lib/active_record/migration.rb:763:in 'block (2 levels) in ActiveRecord::Migration.pending_migrations'
activerecord (8.1.3) lib/active_record/migration/pending_migration_connection.rb:8:in 'ActiveRecord::PendingMigrationConnection.with_temporary_pool'
activerecord (8.1.3) lib/active_record/migration.rb:762:in 'block in ActiveRecord::Migration.pending_migrations'
activerecord (8.1.3) lib/active_record/migration.rb:761:in 'Array#each'
activerecord (8.1.3) lib/active_record/migration.rb:761:in 'ActiveRecord::Migration.pending_migrations'
activerecord (8.1.3) lib/active_record/migration.rb:740:in 'ActiveRecord::Migration.check_pending_migrations'
=======
Started GET "/" for 172.19.0.1 at 2026-06-16 21:26:28 +0000
  [1m[35m (98.9ms)[0m  [1m[35mCREATE TABLE "schema_migrations" ("version" character varying NOT NULL PRIMARY KEY) /*application='TranscendenceBackend'*/[0m
  [1m[35m (80.6ms)[0m  [1m[35mCREATE TABLE "ar_internal_metadata" ("key" character varying NOT NULL PRIMARY KEY, "value" character varying, "created_at" timestamp(6) NOT NULL, "updated_at" timestamp(6) NOT NULL) /*application='TranscendenceBackend'*/[0m
  [1m[36mActiveRecord::SchemaMigration Load (0.9ms)[0m  [1m[34mSELECT "schema_migrations"."version" FROM "schema_migrations" ORDER BY "schema_migrations"."version" ASC /*application='TranscendenceBackend'*/[0m
  
ActiveRecord::PendingMigrationError (

Migrations are pending. To resolve this issue, run:

        bin/rails db:migrate

You have 8 pending migrations:

db/migrate/20260511103922_create_games.rb
db/migrate/20260515133334_create_users.rb
db/migrate/20260515162134_add_user_to_games.rb
db/migrate/20260515170217_add_otp_secret_to_users.rb
db/migrate/20260522064354_create_friendships.rb
db/migrate/20260523233115_add_stats_to_users.rb
db/migrate/20260523235602_setup_arena_for_games.rb
db/migrate/20260524014405_remove_user_id_from_games.rb


):
  
activerecord (8.1.3) lib/active_record/migration.rb:743:in 'ActiveRecord::Migration.check_pending_migrations'
>>>>>>> e6fec11 (feat(auth): integration of OAuth 2.0 of  42 and the base controller)
activerecord (8.1.3) lib/active_record/migration.rb:660:in 'block (2 levels) in ActiveRecord::Migration::CheckPending#call'
activesupport (8.1.3) lib/active_support/file_update_checker.rb:88:in 'ActiveSupport::FileUpdateChecker#execute'
activerecord (8.1.3) lib/active_record/migration.rb:665:in 'block in ActiveRecord::Migration::CheckPending#call'
activerecord (8.1.3) lib/active_record/migration.rb:657:in 'Thread::Mutex#synchronize'
activerecord (8.1.3) lib/active_record/migration.rb:657:in 'ActiveRecord::Migration::CheckPending#call'
actionpack (8.1.3) lib/action_dispatch/middleware/callbacks.rb:31:in 'block in ActionDispatch::Callbacks#call'
activesupport (8.1.3) lib/active_support/callbacks.rb:101:in 'ActiveSupport::Callbacks#run_callbacks'
actionpack (8.1.3) lib/action_dispatch/middleware/callbacks.rb:30:in 'ActionDispatch::Callbacks#call'
actionpack (8.1.3) lib/action_dispatch/middleware/executor.rb:20:in 'ActionDispatch::Executor#call'
actionpack (8.1.3) lib/action_dispatch/middleware/actionable_exceptions.rb:18:in 'ActionDispatch::ActionableExceptions#call'
actionpack (8.1.3) lib/action_dispatch/middleware/debug_exceptions.rb:31:in 'ActionDispatch::DebugExceptions#call'
actionpack (8.1.3) lib/action_dispatch/middleware/show_exceptions.rb:32:in 'ActionDispatch::ShowExceptions#call'
railties (8.1.3) lib/rails/rack/logger.rb:41:in 'Rails::Rack::Logger#call_app'
railties (8.1.3) lib/rails/rack/logger.rb:29:in 'Rails::Rack::Logger#call'
actionpack (8.1.3) lib/action_dispatch/middleware/remote_ip.rb:98:in 'ActionDispatch::RemoteIp#call'
actionpack (8.1.3) lib/action_dispatch/middleware/request_id.rb:34:in 'ActionDispatch::RequestId#call'
rack (3.2.6) lib/rack/runtime.rb:24:in 'Rack::Runtime#call'
activesupport (8.1.3) lib/active_support/cache/strategy/local_cache_middleware.rb:30:in 'ActiveSupport::Cache::Strategy::LocalCache::Middleware#call'
actionpack (8.1.3) lib/action_dispatch/middleware/server_timing.rb:61:in 'block in ActionDispatch::ServerTiming#call'
actionpack (8.1.3) lib/action_dispatch/middleware/server_timing.rb:26:in 'ActionDispatch::ServerTiming::Subscriber#collect_events'
actionpack (8.1.3) lib/action_dispatch/middleware/server_timing.rb:60:in 'ActionDispatch::ServerTiming#call'
actionpack (8.1.3) lib/action_dispatch/middleware/executor.rb:20:in 'ActionDispatch::Executor#call'
actionpack (8.1.3) lib/action_dispatch/middleware/static.rb:27:in 'ActionDispatch::Static#call'
rack (3.2.6) lib/rack/sendfile.rb:131:in 'Rack::Sendfile#call'
actionpack (8.1.3) lib/action_dispatch/middleware/host_authorization.rb:143:in 'ActionDispatch::HostAuthorization#call'
rack-cors (3.0.0) lib/rack/cors.rb:102:in 'Rack::Cors#call'
railties (8.1.3) lib/rails/engine.rb:534:in 'Rails::Engine#call'
puma (8.0.1) lib/puma/configuration.rb:305:in 'Puma::Configuration::ConfigMiddleware#call'
puma (8.0.1) lib/puma/response.rb:79:in 'block in Puma::Response#handle_request'
puma (8.0.1) lib/puma/thread_pool.rb:434:in 'Puma::ThreadPool#with_force_shutdown'
puma (8.0.1) lib/puma/response.rb:78:in 'Puma::Response#handle_request'
puma (8.0.1) lib/puma/server.rb:508:in 'Puma::Server#process_client'
puma (8.0.1) lib/puma/server.rb:263:in 'block in Puma::Server#run'
puma (8.0.1) lib/puma/thread_pool.rb:246:in 'block in Puma::ThreadPool#spawn_thread'
<<<<<<< HEAD

Information for cause: PG::ConnectionBad (connection to server at "172.19.0.2", port 5432 failed: FATAL:  password authentication failed for user "postgres"
):
  
pg-1.6.3-x86_64 (linux) lib/pg/connection.rb:751:in 'PG::Connection::Pollable#polling_loop'
pg-1.6.3-x86_64 (linux) lib/pg/connection.rb:795:in 'PG::Connection#async_connect_or_reset'
pg-1.6.3-x86_64 (linux) lib/pg/connection.rb:951:in 'PG::Connection.connect_to_hosts'
pg-1.6.3-x86_64 (linux) lib/pg/connection.rb:871:in 'PG::Connection.new'
pg-1.6.3-x86_64 (linux) lib/pg.rb:88:in 'PG.connect'
activerecord (8.1.3) lib/active_record/connection_adapters/postgresql_adapter.rb:58:in 'ActiveRecord::ConnectionAdapters::PostgreSQLAdapter.new_client'
activerecord (8.1.3) lib/active_record/connection_adapters/postgresql_adapter.rb:960:in 'ActiveRecord::ConnectionAdapters::PostgreSQLAdapter#connect'
activerecord (8.1.3) lib/active_record/connection_adapters/postgresql_adapter.rb:972:in 'ActiveRecord::ConnectionAdapters::PostgreSQLAdapter#reconnect'
activerecord (8.1.3) lib/active_record/connection_adapters/abstract_adapter.rb:719:in 'block (2 levels) in ActiveRecord::ConnectionAdapters::AbstractAdapter#reconnect!'
activerecord (8.1.3) lib/active_record/connection_adapters/abstract_adapter.rb:1290:in 'ActiveRecord::ConnectionAdapters::AbstractAdapter#attempt_configure_connection'
activerecord (8.1.3) lib/active_record/connection_adapters/abstract_adapter.rb:716:in 'block in ActiveRecord::ConnectionAdapters::AbstractAdapter#reconnect!'
activesupport (8.1.3) lib/active_support/concurrency/null_lock.rb:9:in 'ActiveSupport::Concurrency::NullLock#synchronize'
activerecord (8.1.3) lib/active_record/connection_adapters/abstract_adapter.rb:715:in 'ActiveRecord::ConnectionAdapters::AbstractAdapter#reconnect!'
activerecord (8.1.3) lib/active_record/connection_adapters/abstract_adapter.rb:830:in 'block in ActiveRecord::ConnectionAdapters::AbstractAdapter#verify!'
activesupport (8.1.3) lib/active_support/concurrency/null_lock.rb:9:in 'ActiveSupport::Concurrency::NullLock#synchronize'
activerecord (8.1.3) lib/active_record/connection_adapters/abstract_adapter.rb:817:in 'ActiveRecord::ConnectionAdapters::AbstractAdapter#verify!'
activerecord (8.1.3) lib/active_record/connection_adapters/abstract_adapter.rb:839:in 'ActiveRecord::ConnectionAdapters::AbstractAdapter#connect!'
activerecord (8.1.3) lib/active_record/connection_adapters/abstract_adapter.rb:1056:in 'block in ActiveRecord::ConnectionAdapters::AbstractAdapter#with_raw_connection'
activesupport (8.1.3) lib/active_support/concurrency/null_lock.rb:9:in 'ActiveSupport::Concurrency::NullLock#synchronize'
activerecord (8.1.3) lib/active_record/connection_adapters/abstract_adapter.rb:1055:in 'ActiveRecord::ConnectionAdapters::AbstractAdapter#with_raw_connection'
activerecord (8.1.3) lib/active_record/connection_adapters/postgresql/quoting.rb:128:in 'ActiveRecord::ConnectionAdapters::PostgreSQL::Quoting#quote_string'
activerecord (8.1.3) lib/active_record/connection_adapters/abstract/quoting.rb:75:in 'ActiveRecord::ConnectionAdapters::Quoting#quote'
activerecord (8.1.3) lib/active_record/connection_adapters/postgresql/quoting.rb:122:in 'ActiveRecord::ConnectionAdapters::PostgreSQL::Quoting#quote'
activerecord (8.1.3) lib/active_record/connection_adapters/postgresql/schema_statements.rb:1180:in 'ActiveRecord::ConnectionAdapters::PostgreSQL::SchemaStatements#quoted_scope'
activerecord (8.1.3) lib/active_record/connection_adapters/postgresql/schema_statements.rb:1157:in 'ActiveRecord::ConnectionAdapters::PostgreSQL::SchemaStatements#data_source_sql'
activerecord (8.1.3) lib/active_record/connection_adapters/abstract/schema_statements.rb:61:in 'ActiveRecord::ConnectionAdapters::SchemaStatements#table_exists?'
activerecord (8.1.3) lib/active_record/schema_migration.rb:55:in 'block in ActiveRecord::SchemaMigration#create_table'
activerecord (8.1.3) lib/active_record/connection_adapters/abstract/connection_pool.rb:463:in 'ActiveRecord::ConnectionAdapters::ConnectionPool#with_connection'
activerecord (8.1.3) lib/active_record/schema_migration.rb:54:in 'ActiveRecord::SchemaMigration#create_table'
activerecord (8.1.3) lib/active_record/migration.rb:1440:in 'ActiveRecord::Migrator#initialize'
activerecord (8.1.3) lib/active_record/migration.rb:1288:in 'ActiveRecord::MigrationContext#open'
activerecord (8.1.3) lib/active_record/migration.rb:763:in 'block (2 levels) in ActiveRecord::Migration.pending_migrations'
activerecord (8.1.3) lib/active_record/migration/pending_migration_connection.rb:8:in 'ActiveRecord::PendingMigrationConnection.with_temporary_pool'
activerecord (8.1.3) lib/active_record/migration.rb:762:in 'block in ActiveRecord::Migration.pending_migrations'
activerecord (8.1.3) lib/active_record/migration.rb:761:in 'Array#each'
activerecord (8.1.3) lib/active_record/migration.rb:761:in 'ActiveRecord::Migration.pending_migrations'
activerecord (8.1.3) lib/active_record/migration.rb:740:in 'ActiveRecord::Migration.check_pending_migrations'
=======
Started GET "/favicon.ico" for 172.19.0.1 at 2026-06-16 21:26:29 +0000
  [1m[36mActiveRecord::SchemaMigration Load (1.3ms)[0m  [1m[34mSELECT "schema_migrations"."version" FROM "schema_migrations" ORDER BY "schema_migrations"."version" ASC /*application='TranscendenceBackend'*/[0m
  
ActiveRecord::PendingMigrationError (

Migrations are pending. To resolve this issue, run:

        bin/rails db:migrate

You have 8 pending migrations:

db/migrate/20260511103922_create_games.rb
db/migrate/20260515133334_create_users.rb
db/migrate/20260515162134_add_user_to_games.rb
db/migrate/20260515170217_add_otp_secret_to_users.rb
db/migrate/20260522064354_create_friendships.rb
db/migrate/20260523233115_add_stats_to_users.rb
db/migrate/20260523235602_setup_arena_for_games.rb
db/migrate/20260524014405_remove_user_id_from_games.rb


):
  
activerecord (8.1.3) lib/active_record/migration.rb:743:in 'ActiveRecord::Migration.check_pending_migrations'
>>>>>>> e6fec11 (feat(auth): integration of OAuth 2.0 of  42 and the base controller)
activerecord (8.1.3) lib/active_record/migration.rb:660:in 'block (2 levels) in ActiveRecord::Migration::CheckPending#call'
activesupport (8.1.3) lib/active_support/file_update_checker.rb:88:in 'ActiveSupport::FileUpdateChecker#execute'
activerecord (8.1.3) lib/active_record/migration.rb:665:in 'block in ActiveRecord::Migration::CheckPending#call'
activerecord (8.1.3) lib/active_record/migration.rb:657:in 'Thread::Mutex#synchronize'
activerecord (8.1.3) lib/active_record/migration.rb:657:in 'ActiveRecord::Migration::CheckPending#call'
actionpack (8.1.3) lib/action_dispatch/middleware/callbacks.rb:31:in 'block in ActionDispatch::Callbacks#call'
activesupport (8.1.3) lib/active_support/callbacks.rb:101:in 'ActiveSupport::Callbacks#run_callbacks'
actionpack (8.1.3) lib/action_dispatch/middleware/callbacks.rb:30:in 'ActionDispatch::Callbacks#call'
actionpack (8.1.3) lib/action_dispatch/middleware/executor.rb:20:in 'ActionDispatch::Executor#call'
actionpack (8.1.3) lib/action_dispatch/middleware/actionable_exceptions.rb:18:in 'ActionDispatch::ActionableExceptions#call'
actionpack (8.1.3) lib/action_dispatch/middleware/debug_exceptions.rb:31:in 'ActionDispatch::DebugExceptions#call'
actionpack (8.1.3) lib/action_dispatch/middleware/show_exceptions.rb:32:in 'ActionDispatch::ShowExceptions#call'
railties (8.1.3) lib/rails/rack/logger.rb:41:in 'Rails::Rack::Logger#call_app'
railties (8.1.3) lib/rails/rack/logger.rb:29:in 'Rails::Rack::Logger#call'
actionpack (8.1.3) lib/action_dispatch/middleware/remote_ip.rb:98:in 'ActionDispatch::RemoteIp#call'
actionpack (8.1.3) lib/action_dispatch/middleware/request_id.rb:34:in 'ActionDispatch::RequestId#call'
rack (3.2.6) lib/rack/runtime.rb:24:in 'Rack::Runtime#call'
activesupport (8.1.3) lib/active_support/cache/strategy/local_cache_middleware.rb:30:in 'ActiveSupport::Cache::Strategy::LocalCache::Middleware#call'
actionpack (8.1.3) lib/action_dispatch/middleware/server_timing.rb:61:in 'block in ActionDispatch::ServerTiming#call'
actionpack (8.1.3) lib/action_dispatch/middleware/server_timing.rb:26:in 'ActionDispatch::ServerTiming::Subscriber#collect_events'
actionpack (8.1.3) lib/action_dispatch/middleware/server_timing.rb:60:in 'ActionDispatch::ServerTiming#call'
actionpack (8.1.3) lib/action_dispatch/middleware/executor.rb:20:in 'ActionDispatch::Executor#call'
actionpack (8.1.3) lib/action_dispatch/middleware/static.rb:27:in 'ActionDispatch::Static#call'
rack (3.2.6) lib/rack/sendfile.rb:131:in 'Rack::Sendfile#call'
actionpack (8.1.3) lib/action_dispatch/middleware/host_authorization.rb:143:in 'ActionDispatch::HostAuthorization#call'
rack-cors (3.0.0) lib/rack/cors.rb:102:in 'Rack::Cors#call'
railties (8.1.3) lib/rails/engine.rb:534:in 'Rails::Engine#call'
puma (8.0.1) lib/puma/configuration.rb:305:in 'Puma::Configuration::ConfigMiddleware#call'
puma (8.0.1) lib/puma/response.rb:79:in 'block in Puma::Response#handle_request'
puma (8.0.1) lib/puma/thread_pool.rb:434:in 'Puma::ThreadPool#with_force_shutdown'
puma (8.0.1) lib/puma/response.rb:78:in 'Puma::Response#handle_request'
puma (8.0.1) lib/puma/server.rb:508:in 'Puma::Server#process_client'
puma (8.0.1) lib/puma/server.rb:263:in 'block in Puma::Server#run'
puma (8.0.1) lib/puma/thread_pool.rb:246:in 'block in Puma::ThreadPool#spawn_thread'
<<<<<<< HEAD
Started GET "/favicon.ico" for 172.19.0.1 at 2026-06-16 17:50:51 +0000
  
ActiveRecord::DatabaseConnectionError (There is an issue connecting to your database with your username/password, username: postgres.

Please check your database configuration to ensure the username/password are valid.
)
Caused by: PG::ConnectionBad (connection to server at "172.19.0.2", port 5432 failed: FATAL:  password authentication failed for user "postgres"
)

Information for: ActiveRecord::DatabaseConnectionError (There is an issue connecting to your database with your username/password, username: postgres.

Please check your database configuration to ensure the username/password are valid.
):
  
activerecord (8.1.3) lib/active_record/connection_adapters/postgresql_adapter.rb:65:in 'ActiveRecord::ConnectionAdapters::PostgreSQLAdapter.new_client'
activerecord (8.1.3) lib/active_record/connection_adapters/postgresql_adapter.rb:960:in 'ActiveRecord::ConnectionAdapters::PostgreSQLAdapter#connect'
activerecord (8.1.3) lib/active_record/connection_adapters/postgresql_adapter.rb:972:in 'ActiveRecord::ConnectionAdapters::PostgreSQLAdapter#reconnect'
activerecord (8.1.3) lib/active_record/connection_adapters/abstract_adapter.rb:719:in 'block (2 levels) in ActiveRecord::ConnectionAdapters::AbstractAdapter#reconnect!'
activerecord (8.1.3) lib/active_record/connection_adapters/abstract_adapter.rb:1290:in 'ActiveRecord::ConnectionAdapters::AbstractAdapter#attempt_configure_connection'
activerecord (8.1.3) lib/active_record/connection_adapters/abstract_adapter.rb:716:in 'block in ActiveRecord::ConnectionAdapters::AbstractAdapter#reconnect!'
activesupport (8.1.3) lib/active_support/concurrency/null_lock.rb:9:in 'ActiveSupport::Concurrency::NullLock#synchronize'
activerecord (8.1.3) lib/active_record/connection_adapters/abstract_adapter.rb:715:in 'ActiveRecord::ConnectionAdapters::AbstractAdapter#reconnect!'
activerecord (8.1.3) lib/active_record/connection_adapters/abstract_adapter.rb:830:in 'block in ActiveRecord::ConnectionAdapters::AbstractAdapter#verify!'
activesupport (8.1.3) lib/active_support/concurrency/null_lock.rb:9:in 'ActiveSupport::Concurrency::NullLock#synchronize'
activerecord (8.1.3) lib/active_record/connection_adapters/abstract_adapter.rb:817:in 'ActiveRecord::ConnectionAdapters::AbstractAdapter#verify!'
activerecord (8.1.3) lib/active_record/connection_adapters/abstract_adapter.rb:839:in 'ActiveRecord::ConnectionAdapters::AbstractAdapter#connect!'
activerecord (8.1.3) lib/active_record/connection_adapters/abstract_adapter.rb:1056:in 'block in ActiveRecord::ConnectionAdapters::AbstractAdapter#with_raw_connection'
activesupport (8.1.3) lib/active_support/concurrency/null_lock.rb:9:in 'ActiveSupport::Concurrency::NullLock#synchronize'
activerecord (8.1.3) lib/active_record/connection_adapters/abstract_adapter.rb:1055:in 'ActiveRecord::ConnectionAdapters::AbstractAdapter#with_raw_connection'
activerecord (8.1.3) lib/active_record/connection_adapters/postgresql/quoting.rb:128:in 'ActiveRecord::ConnectionAdapters::PostgreSQL::Quoting#quote_string'
activerecord (8.1.3) lib/active_record/connection_adapters/abstract/quoting.rb:75:in 'ActiveRecord::ConnectionAdapters::Quoting#quote'
activerecord (8.1.3) lib/active_record/connection_adapters/postgresql/quoting.rb:122:in 'ActiveRecord::ConnectionAdapters::PostgreSQL::Quoting#quote'
activerecord (8.1.3) lib/active_record/connection_adapters/postgresql/schema_statements.rb:1180:in 'ActiveRecord::ConnectionAdapters::PostgreSQL::SchemaStatements#quoted_scope'
activerecord (8.1.3) lib/active_record/connection_adapters/postgresql/schema_statements.rb:1157:in 'ActiveRecord::ConnectionAdapters::PostgreSQL::SchemaStatements#data_source_sql'
activerecord (8.1.3) lib/active_record/connection_adapters/abstract/schema_statements.rb:61:in 'ActiveRecord::ConnectionAdapters::SchemaStatements#table_exists?'
activerecord (8.1.3) lib/active_record/schema_migration.rb:55:in 'block in ActiveRecord::SchemaMigration#create_table'
activerecord (8.1.3) lib/active_record/connection_adapters/abstract/connection_pool.rb:463:in 'ActiveRecord::ConnectionAdapters::ConnectionPool#with_connection'
activerecord (8.1.3) lib/active_record/schema_migration.rb:54:in 'ActiveRecord::SchemaMigration#create_table'
activerecord (8.1.3) lib/active_record/migration.rb:1440:in 'ActiveRecord::Migrator#initialize'
activerecord (8.1.3) lib/active_record/migration.rb:1288:in 'ActiveRecord::MigrationContext#open'
activerecord (8.1.3) lib/active_record/migration.rb:763:in 'block (2 levels) in ActiveRecord::Migration.pending_migrations'
activerecord (8.1.3) lib/active_record/migration/pending_migration_connection.rb:8:in 'ActiveRecord::PendingMigrationConnection.with_temporary_pool'
activerecord (8.1.3) lib/active_record/migration.rb:762:in 'block in ActiveRecord::Migration.pending_migrations'
activerecord (8.1.3) lib/active_record/migration.rb:761:in 'Array#each'
activerecord (8.1.3) lib/active_record/migration.rb:761:in 'ActiveRecord::Migration.pending_migrations'
activerecord (8.1.3) lib/active_record/migration.rb:740:in 'ActiveRecord::Migration.check_pending_migrations'
activerecord (8.1.3) lib/active_record/migration.rb:660:in 'block (2 levels) in ActiveRecord::Migration::CheckPending#call'
activesupport (8.1.3) lib/active_support/file_update_checker.rb:88:in 'ActiveSupport::FileUpdateChecker#execute'
activerecord (8.1.3) lib/active_record/migration.rb:665:in 'block in ActiveRecord::Migration::CheckPending#call'
activerecord (8.1.3) lib/active_record/migration.rb:657:in 'Thread::Mutex#synchronize'
activerecord (8.1.3) lib/active_record/migration.rb:657:in 'ActiveRecord::Migration::CheckPending#call'
actionpack (8.1.3) lib/action_dispatch/middleware/callbacks.rb:31:in 'block in ActionDispatch::Callbacks#call'
activesupport (8.1.3) lib/active_support/callbacks.rb:101:in 'ActiveSupport::Callbacks#run_callbacks'
actionpack (8.1.3) lib/action_dispatch/middleware/callbacks.rb:30:in 'ActionDispatch::Callbacks#call'
actionpack (8.1.3) lib/action_dispatch/middleware/executor.rb:20:in 'ActionDispatch::Executor#call'
actionpack (8.1.3) lib/action_dispatch/middleware/actionable_exceptions.rb:18:in 'ActionDispatch::ActionableExceptions#call'
actionpack (8.1.3) lib/action_dispatch/middleware/debug_exceptions.rb:31:in 'ActionDispatch::DebugExceptions#call'
actionpack (8.1.3) lib/action_dispatch/middleware/show_exceptions.rb:32:in 'ActionDispatch::ShowExceptions#call'
railties (8.1.3) lib/rails/rack/logger.rb:41:in 'Rails::Rack::Logger#call_app'
railties (8.1.3) lib/rails/rack/logger.rb:29:in 'Rails::Rack::Logger#call'
actionpack (8.1.3) lib/action_dispatch/middleware/remote_ip.rb:98:in 'ActionDispatch::RemoteIp#call'
actionpack (8.1.3) lib/action_dispatch/middleware/request_id.rb:34:in 'ActionDispatch::RequestId#call'
rack (3.2.6) lib/rack/runtime.rb:24:in 'Rack::Runtime#call'
activesupport (8.1.3) lib/active_support/cache/strategy/local_cache_middleware.rb:30:in 'ActiveSupport::Cache::Strategy::LocalCache::Middleware#call'
actionpack (8.1.3) lib/action_dispatch/middleware/server_timing.rb:61:in 'block in ActionDispatch::ServerTiming#call'
actionpack (8.1.3) lib/action_dispatch/middleware/server_timing.rb:26:in 'ActionDispatch::ServerTiming::Subscriber#collect_events'
actionpack (8.1.3) lib/action_dispatch/middleware/server_timing.rb:60:in 'ActionDispatch::ServerTiming#call'
actionpack (8.1.3) lib/action_dispatch/middleware/executor.rb:20:in 'ActionDispatch::Executor#call'
actionpack (8.1.3) lib/action_dispatch/middleware/static.rb:27:in 'ActionDispatch::Static#call'
rack (3.2.6) lib/rack/sendfile.rb:131:in 'Rack::Sendfile#call'
actionpack (8.1.3) lib/action_dispatch/middleware/host_authorization.rb:143:in 'ActionDispatch::HostAuthorization#call'
rack-cors (3.0.0) lib/rack/cors.rb:102:in 'Rack::Cors#call'
railties (8.1.3) lib/rails/engine.rb:534:in 'Rails::Engine#call'
puma (8.0.1) lib/puma/configuration.rb:305:in 'Puma::Configuration::ConfigMiddleware#call'
puma (8.0.1) lib/puma/response.rb:79:in 'block in Puma::Response#handle_request'
puma (8.0.1) lib/puma/thread_pool.rb:434:in 'Puma::ThreadPool#with_force_shutdown'
puma (8.0.1) lib/puma/response.rb:78:in 'Puma::Response#handle_request'
puma (8.0.1) lib/puma/server.rb:508:in 'Puma::Server#process_client'
puma (8.0.1) lib/puma/server.rb:263:in 'block in Puma::Server#run'
puma (8.0.1) lib/puma/thread_pool.rb:246:in 'block in Puma::ThreadPool#spawn_thread'

Information for cause: PG::ConnectionBad (connection to server at "172.19.0.2", port 5432 failed: FATAL:  password authentication failed for user "postgres"
):
  
pg-1.6.3-x86_64 (linux) lib/pg/connection.rb:751:in 'PG::Connection::Pollable#polling_loop'
pg-1.6.3-x86_64 (linux) lib/pg/connection.rb:795:in 'PG::Connection#async_connect_or_reset'
pg-1.6.3-x86_64 (linux) lib/pg/connection.rb:951:in 'PG::Connection.connect_to_hosts'
pg-1.6.3-x86_64 (linux) lib/pg/connection.rb:871:in 'PG::Connection.new'
pg-1.6.3-x86_64 (linux) lib/pg.rb:88:in 'PG.connect'
activerecord (8.1.3) lib/active_record/connection_adapters/postgresql_adapter.rb:58:in 'ActiveRecord::ConnectionAdapters::PostgreSQLAdapter.new_client'
activerecord (8.1.3) lib/active_record/connection_adapters/postgresql_adapter.rb:960:in 'ActiveRecord::ConnectionAdapters::PostgreSQLAdapter#connect'
activerecord (8.1.3) lib/active_record/connection_adapters/postgresql_adapter.rb:972:in 'ActiveRecord::ConnectionAdapters::PostgreSQLAdapter#reconnect'
activerecord (8.1.3) lib/active_record/connection_adapters/abstract_adapter.rb:719:in 'block (2 levels) in ActiveRecord::ConnectionAdapters::AbstractAdapter#reconnect!'
activerecord (8.1.3) lib/active_record/connection_adapters/abstract_adapter.rb:1290:in 'ActiveRecord::ConnectionAdapters::AbstractAdapter#attempt_configure_connection'
activerecord (8.1.3) lib/active_record/connection_adapters/abstract_adapter.rb:716:in 'block in ActiveRecord::ConnectionAdapters::AbstractAdapter#reconnect!'
activesupport (8.1.3) lib/active_support/concurrency/null_lock.rb:9:in 'ActiveSupport::Concurrency::NullLock#synchronize'
activerecord (8.1.3) lib/active_record/connection_adapters/abstract_adapter.rb:715:in 'ActiveRecord::ConnectionAdapters::AbstractAdapter#reconnect!'
activerecord (8.1.3) lib/active_record/connection_adapters/abstract_adapter.rb:830:in 'block in ActiveRecord::ConnectionAdapters::AbstractAdapter#verify!'
activesupport (8.1.3) lib/active_support/concurrency/null_lock.rb:9:in 'ActiveSupport::Concurrency::NullLock#synchronize'
activerecord (8.1.3) lib/active_record/connection_adapters/abstract_adapter.rb:817:in 'ActiveRecord::ConnectionAdapters::AbstractAdapter#verify!'
activerecord (8.1.3) lib/active_record/connection_adapters/abstract_adapter.rb:839:in 'ActiveRecord::ConnectionAdapters::AbstractAdapter#connect!'
activerecord (8.1.3) lib/active_record/connection_adapters/abstract_adapter.rb:1056:in 'block in ActiveRecord::ConnectionAdapters::AbstractAdapter#with_raw_connection'
activesupport (8.1.3) lib/active_support/concurrency/null_lock.rb:9:in 'ActiveSupport::Concurrency::NullLock#synchronize'
activerecord (8.1.3) lib/active_record/connection_adapters/abstract_adapter.rb:1055:in 'ActiveRecord::ConnectionAdapters::AbstractAdapter#with_raw_connection'
activerecord (8.1.3) lib/active_record/connection_adapters/postgresql/quoting.rb:128:in 'ActiveRecord::ConnectionAdapters::PostgreSQL::Quoting#quote_string'
activerecord (8.1.3) lib/active_record/connection_adapters/abstract/quoting.rb:75:in 'ActiveRecord::ConnectionAdapters::Quoting#quote'
activerecord (8.1.3) lib/active_record/connection_adapters/postgresql/quoting.rb:122:in 'ActiveRecord::ConnectionAdapters::PostgreSQL::Quoting#quote'
activerecord (8.1.3) lib/active_record/connection_adapters/postgresql/schema_statements.rb:1180:in 'ActiveRecord::ConnectionAdapters::PostgreSQL::SchemaStatements#quoted_scope'
activerecord (8.1.3) lib/active_record/connection_adapters/postgresql/schema_statements.rb:1157:in 'ActiveRecord::ConnectionAdapters::PostgreSQL::SchemaStatements#data_source_sql'
activerecord (8.1.3) lib/active_record/connection_adapters/abstract/schema_statements.rb:61:in 'ActiveRecord::ConnectionAdapters::SchemaStatements#table_exists?'
activerecord (8.1.3) lib/active_record/schema_migration.rb:55:in 'block in ActiveRecord::SchemaMigration#create_table'
activerecord (8.1.3) lib/active_record/connection_adapters/abstract/connection_pool.rb:463:in 'ActiveRecord::ConnectionAdapters::ConnectionPool#with_connection'
activerecord (8.1.3) lib/active_record/schema_migration.rb:54:in 'ActiveRecord::SchemaMigration#create_table'
activerecord (8.1.3) lib/active_record/migration.rb:1440:in 'ActiveRecord::Migrator#initialize'
activerecord (8.1.3) lib/active_record/migration.rb:1288:in 'ActiveRecord::MigrationContext#open'
activerecord (8.1.3) lib/active_record/migration.rb:763:in 'block (2 levels) in ActiveRecord::Migration.pending_migrations'
activerecord (8.1.3) lib/active_record/migration/pending_migration_connection.rb:8:in 'ActiveRecord::PendingMigrationConnection.with_temporary_pool'
activerecord (8.1.3) lib/active_record/migration.rb:762:in 'block in ActiveRecord::Migration.pending_migrations'
activerecord (8.1.3) lib/active_record/migration.rb:761:in 'Array#each'
activerecord (8.1.3) lib/active_record/migration.rb:761:in 'ActiveRecord::Migration.pending_migrations'
activerecord (8.1.3) lib/active_record/migration.rb:740:in 'ActiveRecord::Migration.check_pending_migrations'
activerecord (8.1.3) lib/active_record/migration.rb:660:in 'block (2 levels) in ActiveRecord::Migration::CheckPending#call'
activesupport (8.1.3) lib/active_support/file_update_checker.rb:88:in 'ActiveSupport::FileUpdateChecker#execute'
activerecord (8.1.3) lib/active_record/migration.rb:665:in 'block in ActiveRecord::Migration::CheckPending#call'
activerecord (8.1.3) lib/active_record/migration.rb:657:in 'Thread::Mutex#synchronize'
activerecord (8.1.3) lib/active_record/migration.rb:657:in 'ActiveRecord::Migration::CheckPending#call'
actionpack (8.1.3) lib/action_dispatch/middleware/callbacks.rb:31:in 'block in ActionDispatch::Callbacks#call'
activesupport (8.1.3) lib/active_support/callbacks.rb:101:in 'ActiveSupport::Callbacks#run_callbacks'
actionpack (8.1.3) lib/action_dispatch/middleware/callbacks.rb:30:in 'ActionDispatch::Callbacks#call'
actionpack (8.1.3) lib/action_dispatch/middleware/executor.rb:20:in 'ActionDispatch::Executor#call'
actionpack (8.1.3) lib/action_dispatch/middleware/actionable_exceptions.rb:18:in 'ActionDispatch::ActionableExceptions#call'
actionpack (8.1.3) lib/action_dispatch/middleware/debug_exceptions.rb:31:in 'ActionDispatch::DebugExceptions#call'
actionpack (8.1.3) lib/action_dispatch/middleware/show_exceptions.rb:32:in 'ActionDispatch::ShowExceptions#call'
railties (8.1.3) lib/rails/rack/logger.rb:41:in 'Rails::Rack::Logger#call_app'
railties (8.1.3) lib/rails/rack/logger.rb:29:in 'Rails::Rack::Logger#call'
actionpack (8.1.3) lib/action_dispatch/middleware/remote_ip.rb:98:in 'ActionDispatch::RemoteIp#call'
actionpack (8.1.3) lib/action_dispatch/middleware/request_id.rb:34:in 'ActionDispatch::RequestId#call'
rack (3.2.6) lib/rack/runtime.rb:24:in 'Rack::Runtime#call'
activesupport (8.1.3) lib/active_support/cache/strategy/local_cache_middleware.rb:30:in 'ActiveSupport::Cache::Strategy::LocalCache::Middleware#call'
actionpack (8.1.3) lib/action_dispatch/middleware/server_timing.rb:61:in 'block in ActionDispatch::ServerTiming#call'
actionpack (8.1.3) lib/action_dispatch/middleware/server_timing.rb:26:in 'ActionDispatch::ServerTiming::Subscriber#collect_events'
actionpack (8.1.3) lib/action_dispatch/middleware/server_timing.rb:60:in 'ActionDispatch::ServerTiming#call'
actionpack (8.1.3) lib/action_dispatch/middleware/executor.rb:20:in 'ActionDispatch::Executor#call'
actionpack (8.1.3) lib/action_dispatch/middleware/static.rb:27:in 'ActionDispatch::Static#call'
rack (3.2.6) lib/rack/sendfile.rb:131:in 'Rack::Sendfile#call'
actionpack (8.1.3) lib/action_dispatch/middleware/host_authorization.rb:143:in 'ActionDispatch::HostAuthorization#call'
rack-cors (3.0.0) lib/rack/cors.rb:102:in 'Rack::Cors#call'
railties (8.1.3) lib/rails/engine.rb:534:in 'Rails::Engine#call'
puma (8.0.1) lib/puma/configuration.rb:305:in 'Puma::Configuration::ConfigMiddleware#call'
puma (8.0.1) lib/puma/response.rb:79:in 'block in Puma::Response#handle_request'
puma (8.0.1) lib/puma/thread_pool.rb:434:in 'Puma::ThreadPool#with_force_shutdown'
puma (8.0.1) lib/puma/response.rb:78:in 'Puma::Response#handle_request'
puma (8.0.1) lib/puma/server.rb:508:in 'Puma::Server#process_client'
puma (8.0.1) lib/puma/server.rb:263:in 'block in Puma::Server#run'
puma (8.0.1) lib/puma/thread_pool.rb:246:in 'block in Puma::ThreadPool#spawn_thread'
=======
  [1m[35m (0.2ms)[0m  [1m[34mSELECT pg_try_advisory_lock(2763601007065957275) /*application='TranscendenceBackend'*/[0m
  [1m[36mActiveRecord::SchemaMigration Load (1.5ms)[0m  [1m[34mSELECT "schema_migrations"."version" FROM "schema_migrations" ORDER BY "schema_migrations"."version" ASC /*application='TranscendenceBackend'*/[0m
  [1m[36mActiveRecord::InternalMetadata Load (1.5ms)[0m  [1m[34mSELECT * FROM "ar_internal_metadata" WHERE "ar_internal_metadata"."key" = 'environment' ORDER BY "ar_internal_metadata"."key" ASC LIMIT 1 /*application='TranscendenceBackend'*/[0m
  [1m[36mActiveRecord::InternalMetadata Create (80.8ms)[0m  [1m[32mINSERT INTO "ar_internal_metadata" ("key", "value", "created_at", "updated_at") VALUES ('environment', 'development', '2026-06-16 21:38:35.755467', '2026-06-16 21:38:35.755469') RETURNING "key" /*application='TranscendenceBackend'*/[0m
Migrating to CreateGames (20260511103922)
  [1m[36mTRANSACTION (0.2ms)[0m  [1m[35mBEGIN /*application='TranscendenceBackend'*/[0m
  [1m[35m (69.9ms)[0m  [1m[35mCREATE TABLE "games" ("id" bigserial primary key, "initial_board" character varying, "current_board" character varying, "status" character varying, "created_at" timestamp(6) NOT NULL, "updated_at" timestamp(6) NOT NULL) /*application='TranscendenceBackend'*/[0m
  [1m[36mActiveRecord::SchemaMigration Create (0.4ms)[0m  [1m[32mINSERT INTO "schema_migrations" ("version") VALUES ('20260511103922') RETURNING "version" /*application='TranscendenceBackend'*/[0m
  [1m[36mTRANSACTION (10.6ms)[0m  [1m[35mCOMMIT /*application='TranscendenceBackend'*/[0m
Migrating to CreateUsers (20260515133334)
  [1m[36mTRANSACTION (0.3ms)[0m  [1m[35mBEGIN /*application='TranscendenceBackend'*/[0m
  [1m[35m (55.7ms)[0m  [1m[35mCREATE TABLE "users" ("id" bigserial primary key, "username" character varying, "email" character varying, "password_digest" character varying, "created_at" timestamp(6) NOT NULL, "updated_at" timestamp(6) NOT NULL) /*application='TranscendenceBackend'*/[0m
  [1m[36mActiveRecord::SchemaMigration Create (0.3ms)[0m  [1m[32mINSERT INTO "schema_migrations" ("version") VALUES ('20260515133334') RETURNING "version" /*application='TranscendenceBackend'*/[0m
  [1m[36mTRANSACTION (10.7ms)[0m  [1m[35mCOMMIT /*application='TranscendenceBackend'*/[0m
Migrating to AddUserToGames (20260515162134)
  [1m[36mTRANSACTION (0.2ms)[0m  [1m[35mBEGIN /*application='TranscendenceBackend'*/[0m
  [1m[35m (2.4ms)[0m  [1m[35mALTER TABLE "games" ADD "user_id" bigint NOT NULL /*application='TranscendenceBackend'*/[0m
  [1m[35m (26.5ms)[0m  [1m[35mCREATE INDEX "index_games_on_user_id" ON "games" ("user_id") /*application='TranscendenceBackend'*/[0m
  [1m[35m (2.4ms)[0m  [1m[35mALTER TABLE "games" ADD CONSTRAINT "fk_rails_de9e6ea7f7"
FOREIGN KEY ("user_id")
  REFERENCES "users" ("id")
 /*application='TranscendenceBackend'*/[0m
  [1m[36mActiveRecord::SchemaMigration Create (0.2ms)[0m  [1m[32mINSERT INTO "schema_migrations" ("version") VALUES ('20260515162134') RETURNING "version" /*application='TranscendenceBackend'*/[0m
  [1m[36mTRANSACTION (14.7ms)[0m  [1m[35mCOMMIT /*application='TranscendenceBackend'*/[0m
Migrating to AddOtpSecretToUsers (20260515170217)
  [1m[36mTRANSACTION (0.2ms)[0m  [1m[35mBEGIN /*application='TranscendenceBackend'*/[0m
  [1m[35m (2.4ms)[0m  [1m[35mALTER TABLE "users" ADD "otp_secret" character varying /*application='TranscendenceBackend'*/[0m
  [1m[36mActiveRecord::SchemaMigration Create (0.3ms)[0m  [1m[32mINSERT INTO "schema_migrations" ("version") VALUES ('20260515170217') RETURNING "version" /*application='TranscendenceBackend'*/[0m
  [1m[36mTRANSACTION (6.5ms)[0m  [1m[35mCOMMIT /*application='TranscendenceBackend'*/[0m
Migrating to CreateFriendships (20260522064354)
  [1m[36mTRANSACTION (0.2ms)[0m  [1m[35mBEGIN /*application='TranscendenceBackend'*/[0m
  [1m[35m (62.4ms)[0m  [1m[35mCREATE TABLE "friendships" ("id" bigserial primary key, "user_id" bigint NOT NULL, "friend_id" bigint NOT NULL, "status" character varying DEFAULT 'pending', "created_at" timestamp(6) NOT NULL, "updated_at" timestamp(6) NOT NULL, CONSTRAINT "fk_rails_e3733b59b7"
FOREIGN KEY ("user_id")
  REFERENCES "users" ("id")
, CONSTRAINT "fk_rails_d78dc9c7fd"
FOREIGN KEY ("friend_id")
  REFERENCES "users" ("id")
) /*application='TranscendenceBackend'*/[0m
  [1m[35m (21.7ms)[0m  [1m[35mCREATE INDEX "index_friendships_on_user_id" ON "friendships" ("user_id") /*application='TranscendenceBackend'*/[0m
  [1m[35m (31.7ms)[0m  [1m[35mCREATE INDEX "index_friendships_on_friend_id" ON "friendships" ("friend_id") /*application='TranscendenceBackend'*/[0m
  [1m[35m (31.6ms)[0m  [1m[35mCREATE UNIQUE INDEX "index_friendships_on_user_id_and_friend_id" ON "friendships" ("user_id", "friend_id") /*application='TranscendenceBackend'*/[0m
  [1m[36mActiveRecord::SchemaMigration Create (0.3ms)[0m  [1m[32mINSERT INTO "schema_migrations" ("version") VALUES ('20260522064354') RETURNING "version" /*application='TranscendenceBackend'*/[0m
  [1m[36mTRANSACTION (17.7ms)[0m  [1m[35mCOMMIT /*application='TranscendenceBackend'*/[0m
Migrating to AddStatsToUsers (20260523233115)
  [1m[36mTRANSACTION (0.2ms)[0m  [1m[35mBEGIN /*application='TranscendenceBackend'*/[0m
  [1m[35m (0.7ms)[0m  [1m[35mALTER TABLE "users" ADD "wins" integer DEFAULT 0 /*application='TranscendenceBackend'*/[0m
  [1m[35m (0.6ms)[0m  [1m[35mALTER TABLE "users" ADD "losses" integer DEFAULT 0 /*application='TranscendenceBackend'*/[0m
  [1m[35m (0.6ms)[0m  [1m[35mALTER TABLE "users" ADD "elo" integer DEFAULT 1000 /*application='TranscendenceBackend'*/[0m
  [1m[36mActiveRecord::SchemaMigration Create (0.3ms)[0m  [1m[32mINSERT INTO "schema_migrations" ("version") VALUES ('20260523233115') RETURNING "version" /*application='TranscendenceBackend'*/[0m
  [1m[36mTRANSACTION (9.1ms)[0m  [1m[35mCOMMIT /*application='TranscendenceBackend'*/[0m
Migrating to SetupArenaForGames (20260523235602)
  [1m[36mTRANSACTION (0.2ms)[0m  [1m[35mBEGIN /*application='TranscendenceBackend'*/[0m
  [1m[35m (2.5ms)[0m  [1m[35mALTER TABLE "games" ADD "player1_id" integer /*application='TranscendenceBackend'*/[0m
  [1m[35m (0.4ms)[0m  [1m[35mALTER TABLE "games" ADD "player2_id" integer /*application='TranscendenceBackend'*/[0m
  [1m[35m (0.6ms)[0m  [1m[35mALTER TABLE "games" ADD "p1_score" integer DEFAULT 0 /*application='TranscendenceBackend'*/[0m
  [1m[35m (0.6ms)[0m  [1m[35mALTER TABLE "games" ADD "p2_score" integer DEFAULT 0 /*application='TranscendenceBackend'*/[0m
  [1m[35m (2.0ms)[0m  [1m[35mALTER TABLE "games" ADD CONSTRAINT "fk_rails_c341d2ac1e"
FOREIGN KEY ("player1_id")
  REFERENCES "users" ("id")
 /*application='TranscendenceBackend'*/[0m
  [1m[35m (1.1ms)[0m  [1m[35mALTER TABLE "games" ADD CONSTRAINT "fk_rails_2175de0ab8"
FOREIGN KEY ("player2_id")
  REFERENCES "users" ("id")
 /*application='TranscendenceBackend'*/[0m
  [1m[36mActiveRecord::SchemaMigration Create (0.2ms)[0m  [1m[32mINSERT INTO "schema_migrations" ("version") VALUES ('20260523235602') RETURNING "version" /*application='TranscendenceBackend'*/[0m
  [1m[36mTRANSACTION (8.8ms)[0m  [1m[35mCOMMIT /*application='TranscendenceBackend'*/[0m
Migrating to RemoveUserIdFromGames (20260524014405)
  [1m[36mTRANSACTION (0.2ms)[0m  [1m[35mBEGIN /*application='TranscendenceBackend'*/[0m
  [1m[35m (2.3ms)[0m  [1m[35mALTER TABLE "games" DROP COLUMN "user_id" /*application='TranscendenceBackend'*/[0m
  [1m[36mActiveRecord::SchemaMigration Create (0.3ms)[0m  [1m[32mINSERT INTO "schema_migrations" ("version") VALUES ('20260524014405') RETURNING "version" /*application='TranscendenceBackend'*/[0m
  [1m[36mTRANSACTION (7.6ms)[0m  [1m[35mCOMMIT /*application='TranscendenceBackend'*/[0m
  [1m[35m (0.3ms)[0m  [1m[34mSELECT pg_advisory_unlock(2763601007065957275) /*application='TranscendenceBackend'*/[0m
  [1m[36mActiveRecord::SchemaMigration Load (0.2ms)[0m  [1m[34mSELECT "schema_migrations"."version" FROM "schema_migrations" ORDER BY "schema_migrations"."version" ASC /*application='TranscendenceBackend'*/[0m
  [1m[35mSQL (0.1ms)[0m  [1m[35mSET search_path TO public /*application='TranscendenceBackend'*/[0m
  [1m[35mSQL (0.2ms)[0m  [1m[35mSET search_path TO "$user", public /*application='TranscendenceBackend'*/[0m
  [1m[35mSQL (0.1ms)[0m  [1m[35mSET search_path TO public /*application='TranscendenceBackend'*/[0m
  [1m[35mSQL (0.1ms)[0m  [1m[35mSET search_path TO "$user", public /*application='TranscendenceBackend'*/[0m
Started GET "/" for 172.19.0.1 at 2026-06-16 21:39:29 +0000
  [1m[36mActiveRecord::SchemaMigration Load (1.5ms)[0m  [1m[34mSELECT "schema_migrations"."version" FROM "schema_migrations" ORDER BY "schema_migrations"."version" ASC /*application='TranscendenceBackend'*/[0m
Processing by Rails::WelcomeController#index as HTML
  Rendering /usr/local/bundle/gems/railties-8.1.3/lib/rails/templates/rails/welcome/index.html.erb
  Rendered /usr/local/bundle/gems/railties-8.1.3/lib/rails/templates/rails/welcome/index.html.erb (Duration: 0.5ms | GC: 0.0ms)
Completed 200 OK in 98ms (Views: 14.1ms | ActiveRecord: 0.0ms (0 queries, 0 cached) | GC: 0.0ms)


Started GET "/icon.png" for 172.19.0.1 at 2026-06-16 21:39:30 +0000
  
ActionController::RoutingError (No route matches [GET] "/icon.png"):
  
Started GET "/" for 172.20.0.1 at 2026-06-16 22:48:17 +0000
  [1m[36mActiveRecord::SchemaMigration Load (9.3ms)[0m  [1m[34mSELECT "schema_migrations"."version" FROM "schema_migrations" ORDER BY "schema_migrations"."version" ASC /*application='TranscendenceBackend'*/[0m
Processing by Rails::WelcomeController#index as HTML
  Rendering /usr/local/bundle/gems/railties-8.1.3/lib/rails/templates/rails/welcome/index.html.erb
  Rendered /usr/local/bundle/gems/railties-8.1.3/lib/rails/templates/rails/welcome/index.html.erb (Duration: 0.5ms | GC: 0.0ms)
Completed 200 OK in 74ms (Views: 8.3ms | ActiveRecord: 0.0ms (0 queries, 0 cached) | GC: 0.0ms)


Started GET "/" for 172.20.0.1 at 2026-06-16 22:48:20 +0000
Processing by Rails::WelcomeController#index as HTML
  Rendering /usr/local/bundle/gems/railties-8.1.3/lib/rails/templates/rails/welcome/index.html.erb
  Rendered /usr/local/bundle/gems/railties-8.1.3/lib/rails/templates/rails/welcome/index.html.erb (Duration: 0.1ms | GC: 0.0ms)
Completed 200 OK in 2ms (Views: 1.6ms | ActiveRecord: 0.0ms (0 queries, 0 cached) | GC: 0.0ms)


>>>>>>> e6fec11 (feat(auth): integration of OAuth 2.0 of  42 and the base controller)
Started GET "/" for 172.19.0.1 at 2026-06-18 12:04:40 +0000
  [1m[36mActiveRecord::SchemaMigration Load (26.3ms)[0m  [1m[34mSELECT "schema_migrations"."version" FROM "schema_migrations" ORDER BY "schema_migrations"."version" ASC /*application='TranscendenceBackend'*/[0m
Processing by Rails::WelcomeController#index as HTML
  Rendering /usr/local/bundle/gems/railties-8.1.3/lib/rails/templates/rails/welcome/index.html.erb
  Rendered /usr/local/bundle/gems/railties-8.1.3/lib/rails/templates/rails/welcome/index.html.erb (Duration: 1.3ms | GC: 0.7ms)
Completed 200 OK in 168ms (Views: 8.2ms | ActiveRecord: 0.0ms (0 queries, 0 cached) | GC: 9.5ms)


Started GET "/" for 172.19.0.1 at 2026-06-18 12:04:41 +0000
Processing by Rails::WelcomeController#index as HTML
  Rendering /usr/local/bundle/gems/railties-8.1.3/lib/rails/templates/rails/welcome/index.html.erb
  Rendered /usr/local/bundle/gems/railties-8.1.3/lib/rails/templates/rails/welcome/index.html.erb (Duration: 0.1ms | GC: 0.0ms)
Completed 200 OK in 1ms (Views: 1.2ms | ActiveRecord: 0.0ms (0 queries, 0 cached) | GC: 0.7ms)


Started GET "/" for 172.19.0.1 at 2026-06-18 12:04:41 +0000
Processing by Rails::WelcomeController#index as HTML
  Rendering /usr/local/bundle/gems/railties-8.1.3/lib/rails/templates/rails/welcome/index.html.erb
  Rendered /usr/local/bundle/gems/railties-8.1.3/lib/rails/templates/rails/welcome/index.html.erb (Duration: 0.1ms | GC: 0.0ms)
Completed 200 OK in 2ms (Views: 1.7ms | ActiveRecord: 0.0ms (0 queries, 0 cached) | GC: 1.3ms)


Started GET "/" for 172.19.0.1 at 2026-06-18 12:04:41 +0000
Processing by Rails::WelcomeController#index as HTML
  Rendering /usr/local/bundle/gems/railties-8.1.3/lib/rails/templates/rails/welcome/index.html.erb
  Rendered /usr/local/bundle/gems/railties-8.1.3/lib/rails/templates/rails/welcome/index.html.erb (Duration: 0.1ms | GC: 0.0ms)
Completed 200 OK in 1ms (Views: 1.0ms | ActiveRecord: 0.0ms (0 queries, 0 cached) | GC: 0.7ms)


Started GET "/" for 172.19.0.1 at 2026-06-18 12:04:41 +0000
Processing by Rails::WelcomeController#index as HTML
  Rendering /usr/local/bundle/gems/railties-8.1.3/lib/rails/templates/rails/welcome/index.html.erb
  Rendered /usr/local/bundle/gems/railties-8.1.3/lib/rails/templates/rails/welcome/index.html.erb (Duration: 0.0ms | GC: 0.0ms)
Completed 200 OK in 1ms (Views: 0.6ms | ActiveRecord: 0.0ms (0 queries, 0 cached) | GC: 0.3ms)


Started GET "/" for 172.19.0.1 at 2026-06-18 12:04:41 +0000
Processing by Rails::WelcomeController#index as HTML
  Rendering /usr/local/bundle/gems/railties-8.1.3/lib/rails/templates/rails/welcome/index.html.erb
  Rendered /usr/local/bundle/gems/railties-8.1.3/lib/rails/templates/rails/welcome/index.html.erb (Duration: 0.0ms | GC: 0.0ms)
Completed 200 OK in 1ms (Views: 0.6ms | ActiveRecord: 0.0ms (0 queries, 0 cached) | GC: 0.7ms)


Started GET "/" for 172.19.0.1 at 2026-06-18 12:04:41 +0000
Processing by Rails::WelcomeController#index as HTML
  Rendering /usr/local/bundle/gems/railties-8.1.3/lib/rails/templates/rails/welcome/index.html.erb
  Rendered /usr/local/bundle/gems/railties-8.1.3/lib/rails/templates/rails/welcome/index.html.erb (Duration: 0.1ms | GC: 0.0ms)
Completed 200 OK in 1ms (Views: 1.1ms | ActiveRecord: 0.0ms (0 queries, 0 cached) | GC: 0.7ms)


Started GET "/icon.png" for 172.19.0.1 at 2026-06-18 12:04:42 +0000
  
ActionController::RoutingError (No route matches [GET] "/icon.png"):
  
Started GET "/icon.png" for 172.19.0.1 at 2026-06-18 12:04:42 +0000
  
ActionController::RoutingError (No route matches [GET] "/icon.png"):
  
Started GET "/icon.png" for 172.19.0.1 at 2026-06-18 12:04:42 +0000
  
ActionController::RoutingError (No route matches [GET] "/icon.png"):
  
Started GET "/icon.png" for 172.19.0.1 at 2026-06-18 12:04:42 +0000
  
ActionController::RoutingError (No route matches [GET] "/icon.png"):
  
Started GET "/icon.png" for 172.19.0.1 at 2026-06-18 12:04:42 +0000
  
ActionController::RoutingError (No route matches [GET] "/icon.png"):
  
Started GET "/icon.png" for 172.19.0.1 at 2026-06-18 12:04:42 +0000
  
ActionController::RoutingError (No route matches [GET] "/icon.png"):
  
Started GET "/cable" for 172.19.0.1 at 2026-06-18 12:05:10 +0000
Started GET "/cable" [WebSocket] for 172.19.0.1 at 2026-06-18 12:05:10 +0000
Successfully upgraded to WebSocket (REQUEST_METHOD: GET, HTTP_CONNECTION: Upgrade, HTTP_UPGRADE: websocket)
Subscription class not found: "ChatChannel"
Subscription class not found: "ChatChannel"
Subscription class not found: "ChatChannel"
Subscription class not found: "ChatChannel"
Subscription class not found: "ChatChannel"
Subscription class not found: "ChatChannel"
Subscription class not found: "ChatChannel"
Subscription class not found: "ChatChannel"
Subscription class not found: "ChatChannel"
Subscription class not found: "ChatChannel"
Subscription class not found: "ChatChannel"
Subscription class not found: "ChatChannel"
Subscription class not found: "ChatChannel"
Subscription class not found: "ChatChannel"
Subscription class not found: "ChatChannel"
Subscription class not found: "ChatChannel"
Subscription class not found: "ChatChannel"
Subscription class not found: "ChatChannel"
Subscription class not found: "ChatChannel"
Subscription class not found: "ChatChannel"
Subscription class not found: "ChatChannel"
Subscription class not found: "ChatChannel"
Subscription class not found: "ChatChannel"
Subscription class not found: "ChatChannel"
Subscription class not found: "ChatChannel"
Subscription class not found: "ChatChannel"
Subscription class not found: "ChatChannel"
Subscription class not found: "ChatChannel"
Subscription class not found: "ChatChannel"
Subscription class not found: "ChatChannel"
Subscription class not found: "ChatChannel"
Subscription class not found: "ChatChannel"
Subscription class not found: "ChatChannel"
Subscription class not found: "ChatChannel"
Subscription class not found: "ChatChannel"
Subscription class not found: "ChatChannel"
Subscription class not found: "ChatChannel"
Subscription class not found: "ChatChannel"
Subscription class not found: "ChatChannel"
Subscription class not found: "ChatChannel"
Subscription class not found: "ChatChannel"
Subscription class not found: "ChatChannel"
Subscription class not found: "ChatChannel"
Subscription class not found: "ChatChannel"
Subscription class not found: "ChatChannel"
Subscription class not found: "ChatChannel"
Subscription class not found: "ChatChannel"
Subscription class not found: "ChatChannel"
Subscription class not found: "ChatChannel"
Subscription class not found: "ChatChannel"
Subscription class not found: "ChatChannel"
Subscription class not found: "ChatChannel"
Subscription class not found: "ChatChannel"
Subscription class not found: "ChatChannel"
Subscription class not found: "ChatChannel"
Subscription class not found: "ChatChannel"
Subscription class not found: "ChatChannel"
Subscription class not found: "ChatChannel"
Subscription class not found: "ChatChannel"
Subscription class not found: "ChatChannel"
Subscription class not found: "ChatChannel"
Subscription class not found: "ChatChannel"
Subscription class not found: "ChatChannel"
Subscription class not found: "ChatChannel"
Subscription class not found: "ChatChannel"
Subscription class not found: "ChatChannel"
Subscription class not found: "ChatChannel"
Subscription class not found: "ChatChannel"
Subscription class not found: "ChatChannel"
Subscription class not found: "ChatChannel"
Subscription class not found: "ChatChannel"
Subscription class not found: "ChatChannel"
Subscription class not found: "ChatChannel"
Subscription class not found: "ChatChannel"
Subscription class not found: "ChatChannel"
Subscription class not found: "ChatChannel"
Subscription class not found: "ChatChannel"
Subscription class not found: "ChatChannel"
Subscription class not found: "ChatChannel"
Subscription class not found: "ChatChannel"
Subscription class not found: "ChatChannel"
Subscription class not found: "ChatChannel"
Subscription class not found: "ChatChannel"
Subscription class not found: "ChatChannel"
Subscription class not found: "ChatChannel"
Subscription class not found: "ChatChannel"
Subscription class not found: "ChatChannel"
Subscription class not found: "ChatChannel"
Subscription class not found: "ChatChannel"
Subscription class not found: "ChatChannel"
Subscription class not found: "ChatChannel"
Subscription class not found: "ChatChannel"
Subscription class not found: "ChatChannel"
Subscription class not found: "ChatChannel"
Subscription class not found: "ChatChannel"
Subscription class not found: "ChatChannel"
Subscription class not found: "ChatChannel"
Subscription class not found: "ChatChannel"
Subscription class not found: "ChatChannel"
Subscription class not found: "ChatChannel"
Subscription class not found: "ChatChannel"
Subscription class not found: "ChatChannel"
Subscription class not found: "ChatChannel"
Subscription class not found: "ChatChannel"
Subscription class not found: "ChatChannel"
Subscription class not found: "ChatChannel"
Subscription class not found: "ChatChannel"
Subscription class not found: "ChatChannel"
Subscription class not found: "ChatChannel"
Subscription class not found: "ChatChannel"
Subscription class not found: "ChatChannel"
Subscription class not found: "ChatChannel"
Subscription class not found: "ChatChannel"
Subscription class not found: "ChatChannel"
Subscription class not found: "ChatChannel"
Subscription class not found: "ChatChannel"
Subscription class not found: "ChatChannel"
Subscription class not found: "ChatChannel"
Subscription class not found: "ChatChannel"
Subscription class not found: "ChatChannel"
Subscription class not found: "ChatChannel"
Subscription class not found: "ChatChannel"
Subscription class not found: "ChatChannel"
Subscription class not found: "ChatChannel"
Subscription class not found: "ChatChannel"
Subscription class not found: "ChatChannel"
Subscription class not found: "ChatChannel"
Subscription class not found: "ChatChannel"
Subscription class not found: "ChatChannel"
Subscription class not found: "ChatChannel"
Subscription class not found: "ChatChannel"
Subscription class not found: "ChatChannel"
Subscription class not found: "ChatChannel"
Subscription class not found: "ChatChannel"
Subscription class not found: "ChatChannel"
Subscription class not found: "ChatChannel"
Subscription class not found: "ChatChannel"
Subscription class not found: "ChatChannel"
Subscription class not found: "ChatChannel"
Subscription class not found: "ChatChannel"
Subscription class not found: "ChatChannel"
Subscription class not found: "ChatChannel"
Subscription class not found: "ChatChannel"
Subscription class not found: "ChatChannel"
Subscription class not found: "ChatChannel"
Subscription class not found: "ChatChannel"
Subscription class not found: "ChatChannel"
Subscription class not found: "ChatChannel"
Subscription class not found: "ChatChannel"
Subscription class not found: "ChatChannel"
Subscription class not found: "ChatChannel"
Subscription class not found: "ChatChannel"
Subscription class not found: "ChatChannel"
Subscription class not found: "ChatChannel"
Subscription class not found: "ChatChannel"
Subscription class not found: "ChatChannel"
Subscription class not found: "ChatChannel"
Subscription class not found: "ChatChannel"
Subscription class not found: "ChatChannel"
Subscription class not found: "ChatChannel"
Subscription class not found: "ChatChannel"
Subscription class not found: "ChatChannel"
Subscription class not found: "ChatChannel"
Subscription class not found: "ChatChannel"
Subscription class not found: "ChatChannel"
Subscription class not found: "ChatChannel"
Subscription class not found: "ChatChannel"
Subscription class not found: "ChatChannel"
Subscription class not found: "ChatChannel"
Subscription class not found: "ChatChannel"
Subscription class not found: "ChatChannel"
Started GET "/api/health" for 172.19.0.1 at 2026-06-18 12:25:50 +0000
  
ActionController::RoutingError (No route matches [GET] "/api/health"):
  
Subscription class not found: "ChatChannel"
Subscription class not found: "ChatChannel"
Subscription class not found: "ChatChannel"
Subscription class not found: "ChatChannel"
Subscription class not found: "ChatChannel"
Subscription class not found: "ChatChannel"
Subscription class not found: "ChatChannel"
Started GET "/api/health" for 172.19.0.1 at 2026-06-18 12:32:25 +0000
  [1m[36mActiveRecord::SchemaMigration Load (1.4ms)[0m  [1m[34mSELECT "schema_migrations"."version" FROM "schema_migrations" ORDER BY "schema_migrations"."version" ASC /*application='TranscendenceBackend'*/[0m
Started GET "/cable" for 172.19.0.1 at 2026-06-18 12:33:02 +0000
Started GET "/cable" [WebSocket] for 172.19.0.1 at 2026-06-18 12:33:02 +0000
Successfully upgraded to WebSocket (REQUEST_METHOD: GET, HTTP_CONNECTION: Upgrade, HTTP_UPGRADE: websocket)
Subscription class not found: "ChatChannel"
Subscription class not found: "ChatChannel"
Subscription class not found: "ChatChannel"
Subscription class not found: "ChatChannel"
Subscription class not found: "ChatChannel"
Subscription class not found: "ChatChannel"
Subscription class not found: "ChatChannel"
Subscription class not found: "ChatChannel"
Subscription class not found: "ChatChannel"
Subscription class not found: "ChatChannel"
Subscription class not found: "ChatChannel"
Subscription class not found: "ChatChannel"
Started POST "/api/login" for 172.19.0.1 at 2026-06-18 12:38:21 +0000
Processing by Api::AuthController#login as */*
  Parameters: {"username" => "tu_usuario_aqui", "password" => "[FILTERED]", "auth" => {"username" => "tu_usuario_aqui", "password" => "[FILTERED]"}}
  [1m[36mUser Load (8.2ms)[0m  [1m[34mSELECT "users".* FROM "users" WHERE "users"."email" IS NULL LIMIT 1 /*action='login',application='TranscendenceBackend',controller='auth'*/[0m
  ↳ app/controllers/api/auth_controller.rb:25:in 'Api::AuthController#login'
Completed 401 Unauthorized in 615ms (Views: 0.2ms | ActiveRecord: 288.4ms (1 query, 0 cached) | GC: 0.0ms)


Subscription class not found: "ChatChannel"
Subscription class not found: "ChatChannel"
Subscription class not found: "ChatChannel"
Subscription class not found: "ChatChannel"
Subscription class not found: "ChatChannel"
Subscription class not found: "ChatChannel"
Subscription class not found: "ChatChannel"
Subscription class not found: "ChatChannel"
Subscription class not found: "ChatChannel"
Subscription class not found: "ChatChannel"
Subscription class not found: "ChatChannel"
Subscription class not found: "ChatChannel"
Subscription class not found: "ChatChannel"
Subscription class not found: "ChatChannel"
Subscription class not found: "ChatChannel"
Subscription class not found: "ChatChannel"
Subscription class not found: "ChatChannel"
Subscription class not found: "ChatChannel"
Subscription class not found: "ChatChannel"
Subscription class not found: "ChatChannel"
Subscription class not found: "ChatChannel"
Subscription class not found: "ChatChannel"
Subscription class not found: "ChatChannel"
Subscription class not found: "ChatChannel"
Subscription class not found: "ChatChannel"
Subscription class not found: "ChatChannel"
Subscription class not found: "ChatChannel"
Subscription class not found: "ChatChannel"
Subscription class not found: "ChatChannel"
Subscription class not found: "ChatChannel"
Subscription class not found: "ChatChannel"
Subscription class not found: "ChatChannel"
Subscription class not found: "ChatChannel"
Subscription class not found: "ChatChannel"
Subscription class not found: "ChatChannel"
Subscription class not found: "ChatChannel"
Subscription class not found: "ChatChannel"
Subscription class not found: "ChatChannel"
Subscription class not found: "ChatChannel"
Subscription class not found: "ChatChannel"
Subscription class not found: "ChatChannel"
Subscription class not found: "ChatChannel"
Subscription class not found: "ChatChannel"
Subscription class not found: "ChatChannel"
Subscription class not found: "ChatChannel"
Subscription class not found: "ChatChannel"
Subscription class not found: "ChatChannel"
Subscription class not found: "ChatChannel"
Subscription class not found: "ChatChannel"
Subscription class not found: "ChatChannel"
Subscription class not found: "ChatChannel"
Subscription class not found: "ChatChannel"
Subscription class not found: "ChatChannel"
Subscription class not found: "ChatChannel"
Subscription class not found: "ChatChannel"
Subscription class not found: "ChatChannel"
Started GET "/cable" for 172.22.0.1 at 2026-06-18 13:36:02 +0000
  [1m[36mActiveRecord::SchemaMigration Load (31.9ms)[0m  [1m[34mSELECT "schema_migrations"."version" FROM "schema_migrations" ORDER BY "schema_migrations"."version" ASC /*application='TranscendenceBackend'*/[0m
Started GET "/cable" [WebSocket] for 172.22.0.1 at 2026-06-18 13:36:03 +0000
Successfully upgraded to WebSocket (REQUEST_METHOD: GET, HTTP_CONNECTION: Upgrade, HTTP_UPGRADE: websocket)
Subscription class not found: "ChatChannel"
Subscription class not found: "ChatChannel"
Subscription class not found: "ChatChannel"
Subscription class not found: "ChatChannel"
Subscription class not found: "ChatChannel"
Subscription class not found: "ChatChannel"
Subscription class not found: "ChatChannel"
Subscription class not found: "ChatChannel"
Subscription class not found: "ChatChannel"
Subscription class not found: "ChatChannel"
Subscription class not found: "ChatChannel"
Subscription class not found: "ChatChannel"
Subscription class not found: "ChatChannel"
Subscription class not found: "ChatChannel"
Subscription class not found: "ChatChannel"
Subscription class not found: "ChatChannel"
Subscription class not found: "ChatChannel"
Subscription class not found: "ChatChannel"
Subscription class not found: "ChatChannel"
